TN:
SF:src/modules/falemais/services/ComparePlanCostService.ts
FN:59,__awaiter
FN:59,adopt
FN:59,fulfilled
FN:59,rejected
FN:59,step
FN:59,__importDefault
FN:17,ComparePlanCostService
FN:19,execute
FNF:8
FNH:7
FNDA:6,__awaiter
FNDA:2,adopt
FNDA:2,fulfilled
FNDA:0,rejected
FNDA:3,step
FNDA:1,__importDefault
FNDA:1,ComparePlanCostService
FNDA:6,execute
DA:1,1
DA:2,1
DA:3,1
DA:4,1
DA:5,1
DA:6,1
DA:7,1
DA:8,1
DA:9,1
DA:10,1
DA:11,1
DA:12,1
DA:13,1
DA:14,1
DA:15,1
DA:16,1
DA:17,1
DA:18,1
DA:19,1
DA:20,6
DA:21,6
DA:22,6
DA:23,6
DA:24,6
DA:25,6
DA:26,6
DA:27,6
DA:28,6
DA:29,2
DA:30,2
DA:31,2
DA:32,2
DA:33,2
DA:34,2
DA:35,2
DA:36,6
DA:37,1
DA:38,1
DA:39,1
DA:40,1
DA:41,1
DA:42,1
DA:43,1
DA:44,1
DA:45,1
DA:46,1
DA:47,1
DA:48,1
DA:49,1
DA:50,1
DA:51,1
DA:52,1
DA:53,1
DA:54,1
DA:55,1
DA:56,1
DA:57,1
DA:58,1
DA:59,1
LF:59
LH:59
BRDA:59,0,0,1
BRDA:59,1,0,6
BRDA:59,2,0,2
BRDA:59,3,0,0
BRDA:59,4,0,6
BRDA:59,5,0,2
BRDA:59,6,0,1
BRDA:59,7,0,3
BRDA:59,8,0,1
BRDA:59,9,0,2
BRDA:59,10,0,1
BRDA:59,11,0,0
BRDA:17,12,0,1
BRDA:19,13,0,6
BRDA:58,14,0,0
BRDA:59,15,0,14
BRDA:25,16,0,1
BRDA:25,17,0,5
BRDA:26,18,0,1
BRDA:26,19,0,4
BRDA:27,20,0,1
BRDA:27,21,0,3
BRDA:28,22,0,1
BRDA:28,23,0,2
BRDA:36,24,0,1
BRF:25
BRH:22
end_of_record
